[stenungsundsbi.se/index.html]
[backblue.gif]
[fade.gif]
[index.html]
[stenungsundsbi.se/____impro/1/onewebmedia/SBF-LOGGAc59f.jpg]
[stenungsundsbi.se/onewebstatic/c9df0990a7.css]
[stenungsundsbi.se/onewebstatic/f11c6ee0bf.js]
[stenungsundsbi.se/onewebstatic/0a0ab38859.css]
[stenungsundsbi.se/onewebstatic/6e481eb9b8.css]
[stenungsundsbi.se/onewebstatic/a2541772a6.css]
[stenungsundsbi.se/onewebstatic/88a01bf330.js]
[stenungsundsbi.se/our%20work.html]
[stenungsundsbi.se/about/services.html]
[stenungsundsbi.se/about/index.html]
[stenungsundsbi.se/contact.html]
[stenungsundsbi.se/blandat.html]
[stenungsundsbi.se/läsvärt.html]
[stenungsundsbi.se/filmer.html]
[stenungsundsbi.se/aktiviteter.html]
[stenungsundsbi.se/drottningodling.html]
[stenungsundsbi.se/l-nkar.html]
[stenungsundsbi.se/blanketter.html]
[stenungsundsbi.se/bilder.html]
[stenungsundsbi.se/onewebstatic/71d506b8b2.png]
[stenungsundsbi.se/onewebstatic/a1ad1e897a.png]
[stenungsundsbi.se/onewebstatic/789c287871.png]
[stenungsundsbi.se/____impro/1/onewebmedia/20210911_1019575481.jpg]
[stenungsundsbi.se/____impro/1/onewebmedia/20200526_1928048264.jpg]
[stenungsundsbi.se/____impro/1/onewebmedia/samling-198fd.jpg]
[stenungsundsbi.se/____impro/1/onewebmedia/20190511_102530[1]7604.jpg]
[stenungsundsbi.se/____impro/1/onewebmedia/PICT28191a0a8.jpg]
[stenungsundsbi.se/____impro/1/onewebmedia/DSCN13937edc.jpg]
[stenungsundsbi.se/____impro/1/onewebmedia/Astrids kamera 4030326.jpg]
[stenungsundsbi.se/____impro/1/onewebmedia/Astrids kamera 4087048.jpg]
[stenungsundsbi.se/____impro/1/onewebmedia/PICT46597f76.jpg]
[stenungsundsbi.se/____impro/1/onewebmedia/biblpmma-151a9.jpg]
[stenungsundsbi.se/____impro/1/onewebmedia/lilla-komperod-202917c.jpg]
[stenungsundsbi.se/____impro/1/onewebmedia/lilla-komperod-202d51f.jpg]
[stenungsundsbi.se/onewebstatic/91aae35b38.png]
[stenungsundsbi.se/onewebstatic/b4987ce854.png]
[stenungsundsbi.se/onewebstatic/c9634d4849.png]
[stenungsundsbi.se/onewebstatic/4e984c1514.js]
[stenungsundsbi.se/onewebstatic/4a7b82d94e.js]
[stenungsundsbi.se/onewebstatic/58d5ff15c2.js]
[stenungsundsbi.se/onewebstatic/5bae331f1b.js]
[stenungsundsbi.se/onewebstatic/524117bbb4.js]
[stenungsundsbi.se/onewebstatic/521d5096cc.js]
[stenungsundsbi.se/onewebstatic/8c6d441134.js]
[stenungsundsbi.se/onewebstatic/e92f1927f3.js]
[stenungsundsbi.se/onewebstatic/3f50d9398a.js]
[stenungsundsbi.se/onewebstatic/61e0cee1d0.js]
[stenungsundsbi.se/onewebstatic/47993b9e19.js]
[stenungsundsbi.se/onewebstatic/6ecd36509d.js]
[stenungsundsbi.se/onewebstatic/f9c75e138f.js]
[stenungsundsbi.se/onewebstatic/ab44028df4.js]
[stenungsundsbi.se/onewebstatic/6e1e7f5b18.js]
[stenungsundsbi.se/onewebstatic/b5b36080c8.js]
[stenungsundsbi.se/onewebstatic/537d21386f.js]
[stenungsundsbi.se/index.html]
[fonts.googleapis.com/css9058.css]
[fonts.googleapis.com/css61a4.css]
[stenungsundsbi.se/____impro/1/onewebmedia/arbetsdag12d1.jpg]
[stenungsundsbi.se/____impro/1/onewebmedia/arbetsdag4841.jpg]
[stenungsundsbi.se/____impro/1/onewebmedia/IMAG05035084.jpg]
[stenungsundsbi.se/____impro/1/onewebmedia/IMAG0503635e.jpg]
[stenungsundsbi.se/____impro/1/onewebmedia/PICT16348994.jpg]
[stenungsundsbi.se/____impro/1/onewebmedia/PICT1634fb5f.jpg]
[stenungsundsbi.se/____impro/1/onewebmedia/PICT280716820.jpg]
[stenungsundsbi.se/____impro/1/onewebmedia/PICT28071135e.jpg]
[stenungsundsbi.se/____impro/1/onewebmedia/IMAG0712df22.jpg]
[stenungsundsbi.se/____impro/1/onewebmedia/IMAG07122dcf.jpg]
[stenungsundsbi.se/____impro/1/onewebmedia/tarta0855.jpg]
[stenungsundsbi.se/____impro/1/onewebmedia/20190511_102454[1]_edited1f3a8.jpg]
[stenungsundsbi.se/____impro/1/onewebmedia/20190427_110410[1]7afb.jpg]
[stenungsundsbi.se/____impro/1/onewebmedia/20190427_110423[1]5771.jpg]
[stenungsundsbi.se/our%20work.html]
[stenungsundsbi.se/____impro/1/onewebmedia/PICT4651d355.jpg]
[stenungsundsbi.se/____impro/1/onewebmedia/maskrosora810.jpg]
[stenungsundsbi.se/about/index.html]
[stenungsundsbi.se/onewebmedia/Bibladet 2021.pdf]
[stenungsundsbi.se/____impro/1/onewebmedia/Bibladet 2021596d.jpg]
[stenungsundsbi.se/onewebmedia/Bibladet 2018.pdf]
[stenungsundsbi.se/onewebmedia/Bibladet 2015-2.pdf]
[stenungsundsbi.se/onewebmedia/blad2012.pdf]
[stenungsundsbi.se/____impro/1/onewebmedia/bi20122f1b.jpg]
[stenungsundsbi.se/onewebmedia/blad2009.pdf]
[stenungsundsbi.se/onewebmedia/Bibladet 2020_liten.pdf]
[stenungsundsbi.se/____impro/1/onewebmedia/bibladet 202076e1.png]
[stenungsundsbi.se/onewebmedia/Bibladet 2017_till_web.pdf]
[stenungsundsbi.se/onewebmedia/Bibladet 2014-2.pdf]
[stenungsundsbi.se/onewebmedia/blad2011.pdf]
[stenungsundsbi.se/onewebmedia/blad2008.pdf]
[stenungsundsbi.se/____impro/1/onewebmedia/bibladbild5164.jpg]
[stenungsundsbi.se/onewebmedia/Bibladet 2016_web.pdf]
[stenungsundsbi.se/onewebmedia/Bibladet 2013-2.pdf]
[stenungsundsbi.se/____impro/1/onewebmedia/bi2010e78c.jpg]
[stenungsundsbi.se/onewebmedia/blad2007.pdf]
[stenungsundsbi.se/about/services.html]
[stenungsundsbi.se/about/Senaste nytt.html]
[fonts.googleapis.com/css.5ecfaf.delayed]
[stenungsundsbi.se/____impro/1/onewebmedia/Mariagårdenae2f.png]
[stenungsundsbi.se/____impro/1/onewebmedia/20150714_114130aada.jpg]
[stenungsundsbi.se/____impro/1/onewebmedia/20150714_114130006d.jpg]
[stenungsundsbi.se/____impro/1/onewebmedia/DSCN1388-13935.jpg]
[stenungsundsbi.se/onewebstatic/c9bbc2730d.js]
[stenungsundsbi.se/contact.html]
[stenungsundsbi.se/____impro/1/onewebmedia/ann-britt.carlsson084c.jpg]
[stenungsundsbi.se/onewebmedia/Drottningodling_ABC.xlsx]
[stenungsundsbi.se/____impro/1/onewebmedia/jenny o mormor523b.jpg]
[stenungsundsbi.se/____impro/1/onewebmedia/jenny o mormorf3d6.jpg]
[stenungsundsbi.se/____impro/1/onewebmedia/bikuporna-1cc3e.jpg]
[stenungsundsbi.se/____impro/1/onewebmedia/bikuporna-19f52.jpg]
[stenungsundsbi.se/____impro/1/onewebmedia/PICT345793fe.jpg]
[stenungsundsbi.se/____impro/1/onewebmedia/PICT34575c5a.jpg]
[stenungsundsbi.se/____impro/1/onewebmedia/img2d17d.jpg]
[stenungsundsbi.se/____impro/1/onewebmedia/img2f54b.jpg]
[stenungsundsbi.se/onewebmedia/Personligt brev till Sveriges biodlare.pdf]
[stenungsundsbi.se/blandat.html]
[stenungsundsbi.se/onewebmedia/lasvart.1.html]
[stenungsundsbi.se/onewebmedia/lasvart.2.html]
[stenungsundsbi.se/onewebmedia/lasvart.3.html]
[stenungsundsbi.se/onewebmedia/mjodrecept.pdf]
[stenungsundsbi.se/____impro/1/onewebmedia/PICT5029d4b6.jpg]
[stenungsundsbi.se/läsvärt.html]
[stenungsundsbi.se/filmer.html]
[stenungsundsbi.se/____impro/1/bilder/spruta2a83.jpg]
[stenungsundsbi.se/____impro/1/onewebmedia/Plan 20217461.jpg]
[stenungsundsbi.se/aktiviteter.html]
[stenungsundsbi.se/____impro/1/onewebmedia/jenny o mormor58b0.jpg]
[stenungsundsbi.se/onewebmedia/Stenungsunds Biodareförening bjuder in till Kurs i Drottningodling.docx]
[stenungsundsbi.se/drottningodling.html]
[stenungsundsbi.se/l-nkar.html]
[stenungsundsbi.se/onewebmedia/vinterfoder.pdf]
[stenungsundsbi.se/onewebmedia/Vaxavfall och Ramar 2020.pdf]
[www.biodlarna.se/app/uploads/2021/08/Arsrapport-skrivbar.pdf]
[stenungsundsbi.se/blanketter.html]
[stenungsundsbi.se/onewebstatic/a6873df879.png]
[stenungsundsbi.se/onewebstatic/258f291b47.png]
[stenungsundsbi.se/onewebstatic/b2c4f0a2eb.png]
[stenungsundsbi.se/onewebstatic/9457b2defe.png]
[stenungsundsbi.se/onewebstatic/5e05d7d1f6.png]
[stenungsundsbi.se/onewebstatic/ddf6177433.png]
[stenungsundsbi.se/onewebstatic/2bac033d0b.png]
[stenungsundsbi.se/onewebstatic/eb48b95135.png]
[stenungsundsbi.se/onewebstatic/419b42c244.png]
[stenungsundsbi.se/onewebstatic/9ee51937db.png]
[stenungsundsbi.se/onewebstatic/f26aafb1ed.png]
[stenungsundsbi.se/onewebstatic/2a5b3628bb.png]
[stenungsundsbi.se/onewebstatic/68739813f0.png]
[stenungsundsbi.se/____impro/1/onewebmedia/Astrids kamera 4086ee7.jpg]
[stenungsundsbi.se/____impro/1/onewebmedia/Astrids kamera 408e1b7.jpg]
[stenungsundsbi.se/____impro/1/onewebmedia/jenny o mormor0401.jpg]
[stenungsundsbi.se/____impro/1/onewebmedia/jenny o mormor9aef.jpg]
[stenungsundsbi.se/bilder.html]
[stenungsundsbi.se/____impro/1/onewebmedia/mariagårdenac5d.jpg]
[stenungsundsbi.se/____impro/1/onewebmedia/DSCN1776916b.jpg]
[stenungsundsbi.se/____impro/1/onewebmedia/PICT46447ce3.jpg]
[stenungsundsbi.se/____impro/1/onewebmedia/PICT46444c4b.jpg]
[stenungsundsbi.se/____impro/1/onewebmedia/PICT5097_kopiad525.jpg]
[stenungsundsbi.se/____impro/1/onewebmedia/PICT5097_kopia5ac0.jpg]
[stenungsundsbi.se/____impro/1/onewebmedia/PICT3457a7e6.jpg]
[stenungsundsbi.se/____impro/1/onewebmedia/PICT3457f607.jpg]
[stenungsundsbi.se/about/Senaste nytt.html]
[fonts.googleapis.com/csscfaf.html]
[stenungsundsbi.se/onewebmedia/lasvart.1.html]
[stenungsundsbi.se/onewebmedia/lasvart.2.html]
[stenungsundsbi.se/onewebmedia/lasvart.3.html]
[stenungsundsbi.se/onewebmedia/artiklar.html]
[stenungsundsbi.se/onewebstatic/3346f6b69e.png]
[stenungsundsbi.se/onewebstatic/c9634d4849.png]
[stenungsundsbi.se/____impro/1/onewebmedia/Astrids kamera 4030326.jpg]
[stenungsundsbi.se/____impro/1/onewebmedia/arbetsdag12d1.jpg]
[stenungsundsbi.se/____impro/1/onewebmedia/arbetsdag4841.jpg]
[stenungsundsbi.se/onewebstatic/59dd952644.png]
[stenungsundsbi.se/____impro/1/onewebmedia/IMAG05035084.jpg]
[stenungsundsbi.se/____impro/1/onewebmedia/PICT16348994.jpg]
[stenungsundsbi.se/____impro/1/onewebmedia/IMAG0503635e.jpg]
[stenungsundsbi.se/____impro/1/onewebmedia/PICT1634fb5f.jpg]
[stenungsundsbi.se/onewebstatic/714ec98a03.png]
[stenungsundsbi.se/____impro/1/onewebmedia/tarta0855.jpg]
[stenungsundsbi.se/____impro/1/onewebmedia/PICT280716820.jpg]
[stenungsundsbi.se/____impro/1/onewebmedia/IMAG0712df22.jpg]
[stenungsundsbi.se/____impro/1/onewebmedia/20190427_110410[1]7afb.jpg]
[stenungsundsbi.se/onewebstatic/f13b27a9c2.png]
[stenungsundsbi.se/onewebmedia/Bibladet 2021.pdf]
[stenungsundsbi.se/____impro/1/onewebmedia/maskrosora810.jpg]
[stenungsundsbi.se/____impro/1/onewebmedia/Bibladet 2021596d.jpg]
[stenungsundsbi.se/onewebmedia/Bibladet 2018.pdf]
[stenungsundsbi.se/onewebstatic/e5c27e56a5.png]
[stenungsundsbi.se/onewebmedia/blad2012.pdf]
[stenungsundsbi.se/onewebmedia/Bibladet 2015-2.pdf]
[stenungsundsbi.se/____impro/1/onewebmedia/bi20122f1b.jpg]
[stenungsundsbi.se/onewebmedia/blad2009.pdf]
[stenungsundsbi.se/onewebstatic/86b3438ccc.png]
[stenungsundsbi.se/onewebstatic/c9df0990a7.css]
[stenungsundsbi.se/onewebmedia/Bibladet 2020_liten.pdf]
[stenungsundsbi.se/onewebmedia/Bibladet 2017_till_web.pdf]
[stenungsundsbi.se/____impro/1/onewebmedia/bibladet 202076e1.png]
[stenungsundsbi.se/onewebmedia/Bibladet 2014-2.pdf]
[stenungsundsbi.se/onewebmedia/blad2011.pdf]
[stenungsundsbi.se/onewebmedia/blad2008.pdf]
[stenungsundsbi.se/onewebmedia/Bibladet 2013-2.pdf]
[stenungsundsbi.se/onewebmedia/Bibladet 2016_web.pdf]
[stenungsundsbi.se/onewebmedia/blad2007.pdf]
[stenungsundsbi.se/____impro/1/onewebmedia/Mariagårdenae2f.png]
[stenungsundsbi.se/____impro/1/onewebmedia/ann-britt.carlsson084c.jpg]
[stenungsundsbi.se/____impro/1/onewebmedia/DSCN1388-13935.jpg]
[stenungsundsbi.se/____impro/1/onewebmedia/20150714_114130006d.jpg]
[stenungsundsbi.se/____impro/1/onewebmedia/bikuporna-1cc3e.jpg]
[stenungsundsbi.se/____impro/1/onewebmedia/jenny o mormorf3d6.jpg]
[stenungsundsbi.se/____impro/1/onewebmedia/bikuporna-19f52.jpg]
[stenungsundsbi.se/____impro/1/onewebmedia/PICT34575c5a.jpg]
[stenungsundsbi.se/onewebmedia/Personligt brev till Sveriges biodlare.pdf]
[stenungsundsbi.se/____impro/1/onewebmedia/PICT5029d4b6.jpg]
[stenungsundsbi.se/____impro/1/onewebmedia/Plan 20217461.jpg]
[stenungsundsbi.se/____impro/1/onewebmedia/jenny o mormor58b0.jpg]
[stenungsundsbi.se/onewebmedia/vinterfoder.pdf]
[stenungsundsbi.se/onewebmedia/Vaxavfall och Ramar 2020.pdf]
[www.biodlarna.se/app/uploads/2021/08/Arsrapport-skrivbar.pdf]
[stenungsundsbi.se/onewebstatic/0a0ab38859.css]
[stenungsundsbi.se/onewebstatic/a6873df879.png]
[stenungsundsbi.se/onewebstatic/b2c4f0a2eb.png]
[stenungsundsbi.se/onewebstatic/5e05d7d1f6.png]
[stenungsundsbi.se/onewebstatic/2bac033d0b.png]
[stenungsundsbi.se/onewebstatic/6e481eb9b8.css]
[stenungsundsbi.se/onewebstatic/eb48b95135.png]
[stenungsundsbi.se/onewebstatic/9ee51937db.png]
[stenungsundsbi.se/onewebstatic/f26aafb1ed.png]
[stenungsundsbi.se/onewebstatic/a2541772a6.css]
[stenungsundsbi.se/onewebstatic/68739813f0.png]
[stenungsundsbi.se/____impro/1/onewebmedia/Astrids kamera 4086ee7.jpg]
[stenungsundsbi.se/____impro/1/onewebmedia/jenny o mormor0401.jpg]
[stenungsundsbi.se/____impro/1/onewebmedia/mariagårdenac5d.jpg]
[stenungsundsbi.se/____impro/1/onewebmedia/DSCN1776916b.jpg]
[stenungsundsbi.se/____impro/1/onewebmedia/PICT46447ce3.jpg]
[stenungsundsbi.se/____impro/1/onewebmedia/PICT46444c4b.jpg]
[stenungsundsbi.se/____impro/1/onewebmedia/PICT5097_kopiad525.jpg]
[stenungsundsbi.se/____impro/1/onewebmedia/tartaf851.jpg]
[stenungsundsbi.se/onewebmedia/Bibladet 2019_liten.pdf]
[stenungsundsbi.se/____impro/1/onewebmedia/PICT3457a7e6.jpg]
[stenungsundsbi.se/onewebmedia/blad2010.pdf]
[stenungsundsbi.se/about/Senaste nytt.html]
[stenungsundsbi.se/____impro/1/onewebmedia/Finkenborg00ed.JPG]
[stenungsundsbi.se/onewebstatic/c9a7c65593.js]
[stenungsundsbi.se/onewebmedia/Drottningodling_ABC.xlsx]
[stenungsundsbi.se/____impro/1/onewebmedia/komperöd3bfd.jpg]
[stenungsundsbi.se/onewebmedia/lasvart.1.html]
[stenungsundsbi.se/onewebmedia/Stenungsunds Biodareförening bjuder in till Kurs i Drottningodling.docx]
[stenungsundsbi.se/onewebstatic/48af776aef.png]
[stenungsundsbi.se/onewebstatic/5eead363dc.png]
[stenungsundsbi.se/onewebstatic/25e873eaf6.png]
[stenungsundsbi.se/onewebmedia/image31.html]
[stenungsundsbi.se/onewebmedia/2-bikubo.html]
[stenungsundsbi.se/onewebmedia/arrow.html]
[stenungsundsbi.se/onewebmedia/vespa3.html]
[stenungsundsbi.se/onewebmedia/struts.html]
[stenungsundsbi.se/onewebstatic/a62bc02957.svg]
[stenungsundsbi.se/onewebstatic/7b308300e3.svg]
[stenungsundsbi.se/onewebstatic/4fe118e33b.svg]
[stenungsundsbi.se/onewebstatic/af15121453.svg]
[stenungsundsbi.se/____impro/1/onewebmedia/komperöd3d15.jpg]
[stenungsundsbi.se/____impro/1/onewebmedia/DSCN177655d1.JPG]
